TN:
SF:src/app.hooks.ts
FNF:0
FNH:0
DA:4,1
LF:1
LH:1
BRF:0
BRH:0
end_of_record
TN:
SF:src/app.ts
FNF:0
FNH:0
DA:1,1
DA:2,1
DA:3,1
DA:4,1
DA:5,1
DA:7,1
DA:8,1
DA:9,1
DA:10,1
DA:14,1
DA:15,1
DA:16,1
DA:17,1
DA:18,1
DA:20,1
DA:21,1
DA:24,1
DA:28,1
DA:30,1
DA:33,1
DA:34,1
DA:35,1
DA:36,1
DA:37,1
DA:39,1
DA:42,1
DA:43,1
DA:45,1
DA:48,1
DA:49,1
DA:51,1
DA:53,1
DA:56,1
DA:57,1
DA:59,1
DA:61,1
LF:36
LH:36
BRF:0
BRH:0
end_of_record
TN:
SF:src/channels.ts
FN:5,default_1
FN:11,(anonymous_1)
FN:16,(anonymous_2)
FN:44,(anonymous_3)
FNF:4
FNH:2
FNDA:1,default_1
FNDA:0,(anonymous_1)
FNDA:0,(anonymous_2)
FNDA:15,(anonymous_3)
DA:1,1
DA:5,1
DA:6,1
DA:8,0
DA:11,1
DA:13,0
DA:16,1
DA:19,0
DA:24,0
DA:27,0
DA:44,1
DA:48,15
DA:51,15
LF:13
LH:8
BRDA:6,0,0,0
BRDA:6,0,1,1
BRDA:19,1,0,0
BRDA:19,1,1,0
BRF:4
BRH:1
end_of_record
TN:
SF:src/logger.ts
FNF:0
FNH:0
DA:1,1
DA:4,1
DA:16,1
LF:3
LH:3
BRF:0
BRH:0
end_of_record
TN:
SF:src/sequelize.ts
FN:4,default_1
FN:17,(anonymous_1)
FN:22,(anonymous_2)
FNF:3
FNH:3
FNDA:1,default_1
FNDA:1,(anonymous_1)
FNDA:2,(anonymous_2)
DA:1,1
DA:4,1
DA:5,1
DA:6,1
DA:13,1
DA:15,1
DA:17,1
DA:18,1
DA:21,1
DA:22,1
DA:23,2
DA:24,2
DA:29,1
DA:31,1
LF:14
LH:14
BRDA:23,0,0,2
BRDA:23,0,1,0
BRF:2
BRH:1
end_of_record
TN:
SF:src/hooks/isCurrent.ts
FN:4,(anonymous_0)
FN:5,(anonymous_1)
FNF:2
FNH:1
FNDA:3,(anonymous_0)
FNDA:0,(anonymous_1)
DA:1,1
DA:4,1
DA:5,3
DA:6,0
DA:7,0
DA:9,0
LF:6
LH:3
BRDA:6,0,0,0
BRDA:6,0,1,0
BRDA:6,1,0,0
BRDA:6,1,1,0
BRDA:6,2,0,0
BRDA:6,2,1,0
BRF:6
BRH:0
end_of_record
TN:
SF:src/hooks/isUniqueEmail.ts
FN:4,(anonymous_0)
FN:5,(anonymous_1)
FNF:2
FNH:2
FNDA:3,(anonymous_0)
FNDA:7,(anonymous_1)
DA:2,1
DA:4,1
DA:5,3
DA:6,7
DA:7,7
DA:8,7
DA:9,7
DA:10,1
DA:13,6
LF:9
LH:9
BRDA:7,0,0,7
BRDA:7,0,1,0
BRDA:9,1,0,1
BRDA:9,1,1,6
BRF:4
BRH:3
end_of_record
TN:
SF:src/hooks/isValidId.ts
FN:5,(anonymous_0)
FN:6,(anonymous_1)
FNF:2
FNH:2
FNDA:3,(anonymous_0)
FNDA:12,(anonymous_1)
DA:2,1
DA:3,1
DA:5,1
DA:6,3
DA:7,12
DA:8,12
DA:9,1
DA:11,11
LF:8
LH:8
BRDA:8,0,0,1
BRDA:8,0,1,11
BRF:2
BRH:2
end_of_record
TN:
SF:src/hooks/isValidQueryParam.ts
FN:5,(anonymous_0)
FN:6,(anonymous_1)
FNF:2
FNH:1
FNDA:1,(anonymous_0)
FNDA:0,(anonymous_1)
DA:2,1
DA:5,1
DA:6,1
DA:7,0
DA:8,0
DA:9,0
DA:11,0
LF:7
LH:3
BRDA:8,0,0,0
BRDA:8,0,1,0
BRF:2
BRH:0
end_of_record
TN:
SF:src/middleware/index.ts
FN:5,default_1
FNF:1
FNH:1
FNDA:1,default_1
DA:5,1
LF:1
LH:1
BRF:0
BRH:0
end_of_record
TN:
SF:src/models/notifications.model.ts
FN:8,default_1
FN:37,(anonymous_1)
FN:44,(anonymous_2)
FNF:3
FNH:2
FNDA:1,default_1
FNDA:0,(anonymous_1)
FNDA:1,(anonymous_2)
DA:3,1
DA:8,1
DA:9,1
DA:10,1
DA:38,0
DA:44,1
DA:47,1
DA:51,1
LF:8
LH:7
BRF:0
BRH:0
end_of_record
TN:
SF:src/models/users.model.ts
FN:8,default_1
FN:38,(anonymous_1)
FN:45,(anonymous_2)
FNF:3
FNH:3
FNDA:1,default_1
FNDA:10,(anonymous_1)
FNDA:1,(anonymous_2)
DA:3,1
DA:8,1
DA:9,1
DA:10,1
DA:39,10
DA:45,1
DA:48,1
DA:51,1
LF:8
LH:8
BRF:0
BRH:0
end_of_record
TN:
SF:src/services/index.ts
FN:6,default_1
FNF:1
FNH:1
FNDA:1,default_1
DA:2,1
DA:3,1
DA:6,1
DA:7,1
DA:8,1
LF:5
LH:5
BRF:0
BRH:0
end_of_record
TN:
SF:src/services/authentication/authentication.hooks.ts
FN:6,addStrategy
FNF:1
FNH:1
FNDA:2,addStrategy
DA:1,1
DA:2,1
DA:7,2
DA:11,2
DA:14,1
LF:5
LH:5
BRDA:8,0,0,2
BRDA:8,0,1,2
BRF:2
BRH:2
end_of_record
TN:
SF:src/services/authentication/authentication.service.ts
FN:15,default_1
FNF:1
FNH:1
FNDA:1,default_1
DA:2,1
DA:3,1
DA:4,1
DA:7,1
DA:15,1
DA:16,1
DA:18,1
DA:19,1
DA:21,1
DA:22,1
DA:24,1
DA:25,1
LF:12
LH:12
BRF:0
BRH:0
end_of_record
TN:
SF:src/services/authentication/authentication.validations.ts
FNF:0
FNH:0
DA:1,1
DA:3,1
LF:2
LH:2
BRF:0
BRH:0
end_of_record
TN:
SF:src/services/notifications/notifications.class.ts
FN:6,(anonymous_0)
FNF:1
FNH:1
FNDA:1,(anonymous_0)
DA:1,1
DA:4,1
DA:7,1
LF:3
LH:3
BRF:0
BRH:0
end_of_record
TN:
SF:src/services/notifications/notifications.hooks.ts
FNF:0
FNH:0
DA:1,1
DA:2,1
DA:5,1
DA:8,1
LF:4
LH:4
BRF:0
BRH:0
end_of_record
TN:
SF:src/services/notifications/notifications.service.ts
FN:15,default_1
FNF:1
FNH:1
FNDA:1,default_1
DA:4,1
DA:5,1
DA:6,1
DA:15,1
DA:16,1
DA:22,1
DA:25,1
DA:27,1
LF:8
LH:8
BRF:0
BRH:0
end_of_record
TN:
SF:src/services/users/users.class.ts
FN:6,(anonymous_0)
FNF:1
FNH:1
FNDA:1,(anonymous_0)
DA:1,1
DA:4,1
DA:7,1
LF:3
LH:3
BRF:0
BRH:0
end_of_record
TN:
SF:src/services/users/users.hooks.ts
FNF:0
FNH:0
DA:1,1
DA:2,1
DA:3,1
DA:4,1
DA:5,1
DA:6,1
DA:7,1
DA:8,1
DA:9,1
DA:12,1
DA:13,1
DA:15,1
LF:12
LH:12
BRF:0
BRH:0
end_of_record
TN:
SF:src/services/users/users.service.ts
FN:15,default_1
FNF:1
FNH:1
FNDA:1,default_1
DA:4,1
DA:5,1
DA:6,1
DA:15,1
DA:16,1
DA:22,1
DA:25,1
DA:27,1
LF:8
LH:8
BRF:0
BRH:0
end_of_record
TN:
SF:src/services/users/users.validations.ts
FNF:0
FNH:0
DA:1,1
DA:2,1
DA:3,1
DA:4,1
DA:5,1
DA:6,1
DA:8,1
DA:16,1
DA:24,1
DA:32,1
DA:36,1
LF:11
LH:11
BRF:0
BRH:0
end_of_record
